<?xml version="1.0" encoding="UTF-8"?>
<!-- Generated by org.testng.reporters.JUnitXMLReporter -->
<testsuite hostname="DESKTOP-TKK5GPG" name="AddCategory" tests="3" failures="0" timestamp="14 Apr 2021 01:32:13 GMT" time="3.995" errors="0">
  <testcase name="addCategory" time="3.515" classname="com.retail.testcases.AddCategory"/>
  <testcase name="addCategory" time="0.255" classname="com.retail.testcases.AddCategory"/>
  <testcase name="addCategory" time="0.052" classname="com.retail.testcases.AddCategory"/>
</testsuite> <!-- AddCategory -->
