<?xml version="1.0" encoding="UTF-8"?>
<!-- Generated by org.testng.reporters.JUnitXMLReporter -->
<testsuite hostname="DESKTOP-TKK5GPG" name="AddProduct" tests="7" failures="0" timestamp="14 Apr 2021 01:32:14 GMT" time="1.006" errors="0">
  <testcase name="addProduct" time="0.258" classname="com.retail.testcases.AddProduct"/>
  <testcase name="addProduct" time="0.093" classname="com.retail.testcases.AddProduct"/>
  <testcase name="addProduct" time="0.074" classname="com.retail.testcases.AddProduct"/>
  <testcase name="addProduct" time="0.074" classname="com.retail.testcases.AddProduct"/>
  <testcase name="addProduct" time="0.07" classname="com.retail.testcases.AddProduct"/>
  <testcase name="addProduct" time="0.065" classname="com.retail.testcases.AddProduct"/>
  <testcase name="addProduct" time="0.108" classname="com.retail.testcases.AddProduct"/>
</testsuite> <!-- AddProduct -->
